{
  "stats": {
    "suites": 7,
    "tests": 7,
    "passes": 4,
    "pending": 0,
    "failures": 3,
    "start": "2022-10-20T05:31:31.842Z",
    "end": "2022-10-20T05:31:57.479Z",
    "duration": 25637,
    "testsRegistered": 7,
    "passPercent": 57.14285714285714,
    "pendingPercent": 0,
    "other": 1,
    "hasOther": true,
    "skipped": 0,
    "hasSkipped": false
  },
  "results": [
    {
      "uuid": "07acf09d-1740-49aa-9fbe-cfca07a35413",
      "title": "",
      "fullFile": "",
      "file": "",
      "beforeHooks": [],
      "afterHooks": [],
      "tests": [],
      "suites": [
        {
          "uuid": "12ead559-0c64-4cb5-b0be-6d415e2807f3",
          "title": "TC1AdminAddProductFailed",
          "fullFile": "C:\\AutomateOnlinePetStore\\selenium\\test\\TC1AdminAddProductFailed.js",
          "file": "\\test\\TC1AdminAddProductFailed.js",
          "beforeHooks": [],
          "afterHooks": [],
          "tests": [
            {
              "title": "Failed to add product",
              "fullTitle": "TC1AdminAddProductFailed Failed to add product",
              "timedOut": false,
              "duration": 14088,
              "state": "passed",
              "speed": "slow",
              "pass": true,
              "fail": false,
              "pending": false,
              "context": null,
              "code": "await driver.get(\"http://192.168.3.111:8042/User/AdminLogin\");\n            await driver.findElement(By.css(`#AdminUsername`)).sendKeys(\"Tananya\");\n            await driver.findElement(By.css(`#AdminPassword`)).sendKeys(\"Tanya123\");\n            await driver.findElement(By.css(`input[value=\"Login\"]`)).click();\n            await driver.findElement(By.css(`a[href=\"/Item\"]`)).click();\n            await driver.findElement(By.xpath(`//select[@id=\"CategoryId\"]`)).click();\n            await driver.findElement(By.xpath(`//select[@id=\"CategoryId\"]/option[@value='        14']`)).click();\n            await driver.findElement(By.css(`input[name=\"ItemCode\"]`)).sendKeys(\"Item Code\");\n            await driver.findElement(By.css(`input[name=\"ItemName\"]`)).sendKeys(\"Item Name\");\n            await driver.findElement(By.css(`input[name=\"Description\"]`)).sendKeys(\"Description\");\n            await driver.findElement(By.css(`input[value=\"0\"]`)).clear(\"\");\n            await driver.findElement(By.css(`input[value=\"0\"]`)).sendKeys(\"2000\");\n          /*   await driver.findElement(By.xpath(`//input[@id=\"btnSave\"]`)).click();\n        \n            await driver.findElement(By.linkText('There is some problem to add Item')).click();\n        \n            // Wait for the alert to be displayed\n            await driver.wait(until.alertIsPresent());\n            \n            // Store the alert in a variable\n            let alert = await driver.switchTo().alert();\n            \n            //Store the alert text in a variable\n            let alertText = await alert.getText();\n            \n            //Press the OK button\n            await alert.accept();\n        \n            /* await driver.sleep(5000); */\n            /*await driver.findElement(By.css(`input[value=\"0\"]`)).click(); */\n        await driver.takeScreenshot().then(\n            function (image) {\n                require('fs').writeFileSync('./result/TC1AdminAddProductFailed.png', image, 'base64')\n            });\n        \n        try {\n         \n            var _height = 0, _width = 0, _left = 0, _top = 0;\n         \n            driver.findElement(By.css('#ItemPrice'))\n                .getLocation().then(location => {\n                    _left = location.x;\n                    _top = location.y;\n                });\n            driver.findElement(By.css('#ItemPrice'))\n                .getSize().then(size => {\n                    _width = size.width;\n                    _height = size.height;\n                });\n         \n         \n            (async function () {\n         \n                await driver.sleep(5000);\n         \n                sharp('image_li6.png')\n                    .extract({ left: parseInt(_left), top: parseInt(_top), width: parseInt(_width), height: parseInt(_height) })\n                    .toFile('image_li6_crop.png')\n                    .then(function (new_file_info) {\n                        console.log(\"Image cropped and saved\");\n                    })\n                    .catch(function (err) {\n                        if (err) console.log(err);\n                    });\n         \n            }());\n        }\n        catch (err) {\n            console.log(\"Error: \" + err);\n        };\n        \n        await driver.findElement(By.xpath(`//input[@id=\"btnSave\"]`)).click();\n            await driver.sleep(2000); \n        try{\n            await driver.findElement(By.linkText('There is some problem to add Item')).click();\n        \n            // Wait for the alert to be displayed\n            await driver.wait(until.alertIsPresent());\n            \n            // Store the alert in a variable\n            let alert = await driver.switchTo().alert();\n            \n            //Store the alert text in a variable\n            let alertText = await alert.getText();\n            \n            //Press the OK button\n            await alert.accept();\n        }catch(err2) {\n            console.log(\"Error2: \" + err2);\n        };\n        \n            await driver.quit();",
              "err": {},
              "uuid": "b12c076f-58af-4a15-92e5-829ca6e2c7e8",
              "parentUUID": "12ead559-0c64-4cb5-b0be-6d415e2807f3",
              "isHook": false,
              "skipped": false
            }
          ],
          "suites": [],
          "passes": [
            "b12c076f-58af-4a15-92e5-829ca6e2c7e8"
          ],
          "failures": [],
          "pending": [],
          "skipped": [],
          "duration": 14088,
          "root": false,
          "rootEmpty": false,
          "_timeout": 0
        },
        {
          "uuid": "1f9ad990-4114-4cec-9a1e-d2c0ebf85fa7",
          "title": "TC2AdminAddProductSuccess",
          "fullFile": "C:\\AutomateOnlinePetStore\\selenium\\test\\TC2AdminAddProductSuccess.js",
          "file": "\\test\\TC2AdminAddProductSuccess.js",
          "beforeHooks": [],
          "afterHooks": [],
          "tests": [
            {
              "title": "success to added a product",
              "fullTitle": "TC2AdminAddProductSuccess success to added a product",
              "timedOut": false,
              "duration": 4259,
              "state": "passed",
              "speed": "slow",
              "pass": true,
              "fail": false,
              "pending": false,
              "context": null,
              "code": "await driver.get(\"http://192.168.3.111:8042/User/AdminLogin\");\n    driver.manage().window().maximize();\n    await driver.findElement(By.css(`#AdminUsername`)).sendKeys(\"Tananya\");\n    await driver.findElement(By.css(`#AdminPassword`)).sendKeys(\"Tanya123\");\n    await driver.findElement(By.css(`input[value=\"Login\"]`)).click();\n    await driver.findElement(By.css(`a[href=\"/Item\"]`)).click();\n    await driver.findElement(By.xpath(`//select[@id=\"CategoryId\"]`)).click();\n    await driver.findElement(By.xpath(`//select[@id=\"CategoryId\"]/option[@value='        14']`)).click();\n    await driver.findElement(By.css(`input[name=\"ItemCode\"]`)).sendKeys(\"Adidas 001\");\n    await driver.findElement(By.css(`input[name=\"ItemName\"]`)).sendKeys(\"Adidas\");\n    await driver.findElement(By.css(`input[name=\"Description\"]`)).sendKeys(\"Adidas 001\");\n    await driver.findElement(By.css(`input[value=\"0\"]`)).clear(\"\");\n    await driver.findElement(By.css(`input[value=\"0\"]`)).sendKeys(\"200\");\n    try{\n        await driver.findElement(By.xpath(`/html[1]/body[1]/div[2]/div[1]/div[6]/div[1]/input[1]`))\n        .sendKeys(__dirname+\"\\\\adidas_shoe.jfif\");\n        \n   } catch (error){\n       console.log(error);\n   }\n/*    await driver.findElement(By.xpath(`//input[@id=\"btnSave\"]`)).click(); */\n   await driver.takeScreenshot().then(\n    function (image) {\n        require('fs').writeFileSync('./result/TC2AdminAddProductSuccess.png', image, 'base64')\n    });\ntry {\n \n    var _height = 0, _width = 0, _left = 0, _top = 0;\n \n    driver.findElement(By.css('#ItemPrice'))\n        .getLocation().then(location => {\n            _left = location.x;\n            _top = location.y;\n        });\n    driver.findElement(By.css('#ItemPrice'))\n        .getSize().then(size => {\n            _width = size.width;\n            _height = size.height;\n        });\n \n \n    (async function () {\n \n/*         await driver.sleep(5000); */\n \n        sharp('image_li6.png')\n            .extract({ left: parseInt(_left), top: parseInt(_top), width: parseInt(_width), height: parseInt(_height) })\n            .toFile('image_li6_crop.png')\n            .then(function (new_file_info) {\n                console.log(\"Image cropped and saved\");\n            })\n            .catch(function (err) {\n                if (err) console.log(err);\n            });\n \n    }());\n}\ncatch (err) {\n    console.log(\"Error: \" + err);\n};\n    await driver.findElement(By.xpath(`//input[@id=\"btnSave\"]`)).click();\n    await driver.sleep(2000);\n    try{\n    await driver.findElement(By.linkText('Item is added Successfully')).click();\n    // Wait for the alert to be displayed\n    await driver.wait(until.alertIsPresent());\n    \n    // Store the alert in a variable\n    let alert = await driver.switchTo().alert();\n    \n    //Store the alert text in a variable\n    let alertText = await alert.getText();\n    \n    //Press the OK button\n    await alert.accept();\n}catch(err2) {\n    console.log(\"Error2: \" + err2);\n};\nawait driver.findElement(By.css(`a[href=\"/Product\"]`)).click();\n        //assert\n        let todoText = await driver.findElement(By.xpath(\"//tbody/tr[2]/td[2]\")).getText().then(function(value){\n            return value\n        });\n        assert.strictEqual(todoText,\"Adidas 001\"); \n    await driver.quit();",
              "err": {},
              "uuid": "36a67fe1-ab97-4888-b611-2bfa1f2c6d4b",
              "parentUUID": "1f9ad990-4114-4cec-9a1e-d2c0ebf85fa7",
              "isHook": false,
              "skipped": false
            }
          ],
          "suites": [],
          "passes": [
            "36a67fe1-ab97-4888-b611-2bfa1f2c6d4b"
          ],
          "failures": [],
          "pending": [],
          "skipped": [],
          "duration": 4259,
          "root": false,
          "rootEmpty": false,
          "_timeout": 0
        },
        {
          "uuid": "8029c17d-d92b-451f-9f5c-ad04ff57a4b7",
          "title": "TC3AdminDeleteProductSuccess",
          "fullFile": "C:\\AutomateOnlinePetStore\\selenium\\test\\TC3AdminDeleteProductSuccess.js",
          "file": "\\test\\TC3AdminDeleteProductSuccess.js",
          "beforeHooks": [],
          "afterHooks": [],
          "tests": [
            {
              "title": "success to deleted a product",
              "fullTitle": "TC3AdminDeleteProductSuccess success to deleted a product",
              "timedOut": false,
              "duration": 1626,
              "state": "passed",
              "speed": "slow",
              "pass": true,
              "fail": false,
              "pending": false,
              "context": null,
              "code": "try{\n    await driver.get(\"http://192.168.3.111:8042/User/AdminLogin\");\n    await driver.findElement(By.css(`#AdminUsername`)).sendKeys(\"Tananya\");\n    await driver.findElement(By.css(`#AdminPassword`)).sendKeys(\"Tanya123\");\n    await driver.findElement(By.css(`input[value=\"Login\"]`)).click();\n    await driver.findElement(By.xpath(`//a[normalize-space()=\"Item List\"]`)).click();\n    await driver.findElement(By.xpath(`(//a[contains(text(),'Delete')])[1]`)).click();\n    await driver.findElement(By.css(`input[value=\"Delete\"]`)).click();\n    /* Verify product is gone!! */\n/*     await driver.quit(); */\n} catch (error){\n    console.log(error);\n}\nawait driver.takeScreenshot().then(\n    function (image) {\n        require('fs').writeFileSync('./result/TC3AdminDeleteProductSuccess.png', image, 'base64')\n    });\ntry {\n \n    var _height = 0, _width = 0, _left = 0, _top = 0;\n \n    driver.findElement(By.css('input[value=\"0\"]'))\n        .getLocation().then(location => {\n            _left = location.x;\n            _top = location.y;\n        });\n    driver.findElement(By.css('input[value=\"0\"]'))\n        .getSize().then(size => {\n            _width = size.width;\n            _height = size.height;\n        });\n \n \n    (async function () {\n \n        await driver.sleep(5000);\n \n        sharp('image_li6.png')\n            .extract({ left: parseInt(_left), top: parseInt(_top), width: parseInt(_width), height: parseInt(_height) })\n            .toFile('image_li6_crop.png')\n            .then(function (new_file_info) {\n                console.log(\"Image cropped and saved\");\n            })\n            .catch(function (err) {\n                if (err) console.log(err);\n            });\n \n    }());\n}\ncatch (err) {\n    console.log(\"Error: \" + err);\n};\nawait driver.quit();",
              "err": {},
              "uuid": "26bc0027-ff9a-4629-9c15-df47dc0b87e2",
              "parentUUID": "8029c17d-d92b-451f-9f5c-ad04ff57a4b7",
              "isHook": false,
              "skipped": false
            }
          ],
          "suites": [],
          "passes": [
            "26bc0027-ff9a-4629-9c15-df47dc0b87e2"
          ],
          "failures": [],
          "pending": [],
          "skipped": [],
          "duration": 1626,
          "root": false,
          "rootEmpty": false,
          "_timeout": 0
        },
        {
          "uuid": "715b0239-b175-4415-949a-a7af75aebd87",
          "title": "TC4CutomerRegisterFailed",
          "fullFile": "C:\\AutomateOnlinePetStore\\selenium\\test\\TC4CutomerRegisterFailed.js",
          "file": "\\test\\TC4CutomerRegisterFailed.js",
          "beforeHooks": [],
          "afterHooks": [],
          "tests": [
            {
              "title": "A Cutomer Register Failed",
              "fullTitle": "TC4CutomerRegisterFailed A Cutomer Register Failed",
              "timedOut": false,
              "duration": 139,
              "state": "failed",
              "speed": null,
              "pass": false,
              "fail": true,
              "pending": false,
              "context": null,
              "code": "try{\n    await driver.get(\"http://192.168.3.111:8042\");\n    await driver.manage().window().maximize();\n    await driver.findElement(By.css(`#loginlink`)).click();\n    await driver.findElement(By.xpath(`(//a[normalize-space()='Customer Register'])[1]`)).click();\n    await driver.findElement(By.css(`#FirstName`)).sendKeys(\"TananyaTest\")\n    await driver.findElement(By.css(`#LastName`)).sendKeys(\"AsaTest\")\n    await driver.findElement(By.css(`#UserName`)).sendKeys(\"TananyaTest\")\n    await driver.findElement(By.css(`#Password`)).sendKeys(\"1234\")\n    await driver.findElement(By.css(`#ConfirmPassword`)).sendKeys(\"12345\")\n    await driver.findElement(By.css(`#Email`)).sendKeys(\"AsaTest@hotmail.com\")\n    await driver.findElement(By.xpath(`//input[@value=\"Submit\"]`)).click();\n    /* Verify product is gone!! */\n/*     await driver.quit(); */\n} catch (error){\n    console.log(\"Error before Screenshot: \" +error);\n}\nawait driver.takeScreenshot().then(\n    function (image) {\n        require('fs').writeFileSync('./result/TC4CutomerRegisterFailed.png', image, 'base64')\n    });\ntry {\n \n    var _height = 0, _width = 0, _left = 0, _top = 0;\n \n    driver.findElement(By.css('label[for=\"FirstName\"]'))\n        .getLocation().then(location => {\n            _left = location.x;\n            _top = location.y;\n        });\n    driver.findElement(By.css('label[for=\"FirstName\"]'))\n        .getSize().then(size => {\n            _width = size.width;\n            _height = size.height;\n        });\n \n \n    (async function () {\n \n        await driver.sleep(5000);\n \n        sharp('image_li6.png')\n            .extract({ left: parseInt(_left), top: parseInt(_top), width: parseInt(_width), height: parseInt(_height) })\n            .toFile('image_li6_crop.png')\n            .then(function (new_file_info) {\n                console.log(\"Image cropped and saved\");\n            })\n            .catch(function (err) {\n                if (err) console.log(\"Error inside Screenshot: \"+err);\n            });\n \n    }());\n}\ncatch (err) {\n    console.log(\"Error Screenshot: \" + err);\n};\nawait driver.quit();",
              "err": {
                "message": "Error: ECONNREFUSED connect ECONNREFUSED 127.0.0.1:52111",
                "estack": "Error: ECONNREFUSED connect ECONNREFUSED 127.0.0.1:52111\n    at ClientRequest.<anonymous> (node_modules\\selenium-webdriver\\http\\index.js:294:15)\n    at ClientRequest.emit (node:events:526:28)\n    at Socket.socketErrorListener (node:_http_client:442:9)\n    at Socket.emit (node:events:526:28)\n    at emitErrorNT (node:internal/streams/destroy:164:8)\n    at emitErrorCloseNT (node:internal/streams/destroy:129:3)\n    at processTicksAndRejections (node:internal/process/task_queues:83:21)",
                "diff": null
              },
              "uuid": "019f22eb-ab83-4224-90bd-7c871770ec10",
              "parentUUID": "715b0239-b175-4415-949a-a7af75aebd87",
              "isHook": false,
              "skipped": false
            }
          ],
          "suites": [],
          "passes": [],
          "failures": [
            "019f22eb-ab83-4224-90bd-7c871770ec10"
          ],
          "pending": [],
          "skipped": [],
          "duration": 139,
          "root": false,
          "rootEmpty": false,
          "_timeout": 0
        },
        {
          "uuid": "adc146c8-c73d-4043-908b-f443ca7e1c44",
          "title": "TC5CutomerRegisterSuccess",
          "fullFile": "C:\\AutomateOnlinePetStore\\selenium\\test\\TC5CutomerRegisterSuccess.js",
          "file": "\\test\\TC5CutomerRegisterSuccess.js",
          "beforeHooks": [],
          "afterHooks": [],
          "tests": [
            {
              "title": "A Cutomer Register Success",
              "fullTitle": "TC5CutomerRegisterSuccess A Cutomer Register Success",
              "timedOut": false,
              "duration": 5227,
              "state": "passed",
              "speed": "slow",
              "pass": true,
              "fail": false,
              "pending": false,
              "context": null,
              "code": "try{\nawait driver.get(\"http://192.168.3.111:8042\");\nawait driver.findElement(By.css(`#loginlink`)).click();\nawait driver.findElement(By.xpath(`(//a[normalize-space()='Customer Register'])[1]`)).click();\nawait driver.findElement(By.css(`#FirstName`)).sendKeys(\"TananyaTest\")\nawait driver.findElement(By.css(`#LastName`)).sendKeys(\"AsaTest\")\nawait driver.findElement(By.css(`#UserName`)).sendKeys(\"TananyaTest\")\nawait driver.findElement(By.css(`#Password`)).sendKeys(\"1234\")\nawait driver.findElement(By.css(`#ConfirmPassword`)).sendKeys(\"1234\")\nawait driver.findElement(By.css(`#Email`)).sendKeys(\"AsaTest@hotmail.com\")\nawait driver.findElement(By.css(`input[value=\"Submit\"]`)).click();\n/* Verify product is gone!! */\n/*     await driver.quit(); */\n} catch (error){\nconsole.log(error);\n}\n\nawait driver.takeScreenshot().then(\nfunction (image) {\n    require('fs').writeFileSync('./result/TC5CutomerRegisterSuccess.png', image, 'base64')\n});\n\ntry {\n \nvar _height = 0, _width = 0, _left = 0, _top = 0;\n \ndriver.findElement(By.xpath('//label[normalize-space()=\"Email\"]'))\n    .getLocation().then(location => {\n        _left = location.x;\n        _top = location.y;\n    });\ndriver.findElement(By.xpath('//label[normalize-space()=\"Email\"]'))\n    .getSize().then(size => {\n        _width = size.width;\n        _height = size.height;\n    });\n \n \n(async function () {\n \n    await driver.sleep(5000);\n \n    sharp('image_li6.png')\n        .extract({ left: parseInt(_left), top: parseInt(_top), width: parseInt(_width), height: parseInt(_height) })\n        .toFile('image_li6_crop.png')\n        .then(function (new_file_info) {\n            console.log(\"Image cropped and saved\");\n        })\n        .catch(function (err) {\n            if (err) console.log(err);\n        });\n \n}());\n}\ncatch (err) {\nconsole.log(\"Error: \" + err);\n};\nawait driver.quit();",
              "err": {},
              "uuid": "ce2dee9b-40d7-4258-a90a-ff8d00fd9284",
              "parentUUID": "adc146c8-c73d-4043-908b-f443ca7e1c44",
              "isHook": false,
              "skipped": false
            }
          ],
          "suites": [],
          "passes": [
            "ce2dee9b-40d7-4258-a90a-ff8d00fd9284"
          ],
          "failures": [],
          "pending": [],
          "skipped": [],
          "duration": 5227,
          "root": false,
          "rootEmpty": false,
          "_timeout": 0
        },
        {
          "uuid": "81693055-7428-47f7-94f4-e847e4adaf25",
          "title": "TC6CutomerLoginFailed",
          "fullFile": "C:\\AutomateOnlinePetStore\\selenium\\test\\TC6CutomerLoginFailed.js",
          "file": "\\test\\TC6CutomerLoginFailed.js",
          "beforeHooks": [],
          "afterHooks": [],
          "tests": [
            {
              "title": "A Cutomer Login Failed",
              "fullTitle": "TC6CutomerLoginFailed A Cutomer Login Failed",
              "timedOut": false,
              "duration": 106,
              "state": "failed",
              "speed": null,
              "pass": false,
              "fail": true,
              "pending": false,
              "context": null,
              "code": "try{\nawait driver.get(\"http://192.168.3.111:8042\");\nawait driver.manage().window().maximize();\nawait driver.findElement(By.css(`#loginlink`)).click();\nawait driver.findElement(By.css(`#UserName`)).sendKeys(\"TananyaTest\")\nawait driver.findElement(By.css(`#Password`)).sendKeys(\"12345\")\nawait driver.findElement(By.css(`input[value=\"Login\"]`)).click();\n/* Verify product is gone!! */\n/*     await driver.quit(); */\n} catch (error){\nconsole.log(error);\n}\n\nawait driver.takeScreenshot().then(\nfunction (image) {\n    require('fs').writeFileSync('./result/TC6CutomerLoginFailed.png', image, 'base64')\n});\n\ntry {\n \nvar _height = 0, _width = 0, _left = 0, _top = 0;\n \ndriver.findElement(By.css('input[value=\"0\"]'))\n    .getLocation().then(location => {\n        _left = location.x;\n        _top = location.y;\n    });\ndriver.findElement(By.css('input[value=\"0\"]'))\n    .getSize().then(size => {\n        _width = size.width;\n        _height = size.height;\n    });\n \n \n(async function () {\n \n    await driver.sleep(5000);\n \n    sharp('image_li6.png')\n        .extract({ left: parseInt(_left), top: parseInt(_top), width: parseInt(_width), height: parseInt(_height) })\n        .toFile('image_li6_crop.png')\n        .then(function (new_file_info) {\n            console.log(\"Image cropped and saved\");\n        })\n        .catch(function (err) {\n            if (err) console.log(err);\n        });\n \n}());\n}\ncatch (err) {\nconsole.log(\"Error: \" + err);\n};\nawait driver.quit();",
              "err": {
                "message": "Error: ECONNREFUSED connect ECONNREFUSED 127.0.0.1:52113",
                "estack": "Error: ECONNREFUSED connect ECONNREFUSED 127.0.0.1:52113\n    at ClientRequest.<anonymous> (node_modules\\selenium-webdriver\\http\\index.js:294:15)\n    at ClientRequest.emit (node:events:526:28)\n    at Socket.socketErrorListener (node:_http_client:442:9)\n    at Socket.emit (node:events:526:28)\n    at emitErrorNT (node:internal/streams/destroy:164:8)\n    at emitErrorCloseNT (node:internal/streams/destroy:129:3)\n    at processTicksAndRejections (node:internal/process/task_queues:83:21)",
                "diff": null
              },
              "uuid": "21927b55-e12b-4884-a661-c30e87216f51",
              "parentUUID": "81693055-7428-47f7-94f4-e847e4adaf25",
              "isHook": false,
              "skipped": false
            }
          ],
          "suites": [],
          "passes": [],
          "failures": [
            "21927b55-e12b-4884-a661-c30e87216f51"
          ],
          "pending": [],
          "skipped": [],
          "duration": 106,
          "root": false,
          "rootEmpty": false,
          "_timeout": 0
        },
        {
          "uuid": "4bbf9797-eeba-4cfe-ae7d-f17d8bb4e9a7",
          "title": "TC7CutomerLoginSuccess",
          "fullFile": "C:\\AutomateOnlinePetStore\\selenium\\test\\TC7CutomerLoginSuccess.js",
          "file": "\\test\\TC7CutomerLoginSuccess.js",
          "beforeHooks": [],
          "afterHooks": [],
          "tests": [
            {
              "title": "A Cutomer Login success",
              "fullTitle": "TC7CutomerLoginSuccess A Cutomer Login success",
              "timedOut": false,
              "duration": 92,
              "state": "failed",
              "speed": null,
              "pass": false,
              "fail": true,
              "pending": false,
              "context": null,
              "code": "try{\nawait driver.get(\"http://192.168.3.111:8042\");\nawait driver.findElement(By.css(`#loginlink`)).click();\nawait driver.findElement(By.css(`#UserName`)).sendKeys(\"TananyaTest\")\nawait driver.findElement(By.css(`#Password`)).sendKeys(\"1234\")\nawait driver.findElement(By.css(`input[value=\"Login\"]`)).click();\n/* Verify product is gone!! */\n/*     await driver.quit(); */\n} catch (error){\nconsole.log(error);\n}\n\nawait driver.takeScreenshot().then(\nfunction (image) {\n    require('fs').writeFileSync('./result/TC7CutomerLoginSuccess.png', image, 'base64')\n});\n\ntry {\n \nvar _height = 0, _width = 0, _left = 0, _top = 0;\n \ndriver.findElement(By.css('input[value=\"0\"]'))\n    .getLocation().then(location => {\n        _left = location.x;\n        _top = location.y;\n    });\ndriver.findElement(By.css('input[value=\"0\"]'))\n    .getSize().then(size => {\n        _width = size.width;\n        _height = size.height;\n    });\n \n \n(async function () {\n \n    await driver.sleep(5000);\n \n    sharp('image_li6.png')\n        .extract({ left: parseInt(_left), top: parseInt(_top), width: parseInt(_width), height: parseInt(_height) })\n        .toFile('image_li6_crop.png')\n        .then(function (new_file_info) {\n            console.log(\"Image cropped and saved\");\n        })\n        .catch(function (err) {\n            if (err) console.log(err);\n        });\n \n}());\n}\ncatch (err) {\nconsole.log(\"Error: \" + err);\n};\nawait driver.quit();\nawait driver.quit();",
              "err": {
                "message": "Error: ECONNREFUSED connect ECONNREFUSED 127.0.0.1:52112",
                "estack": "Error: ECONNREFUSED connect ECONNREFUSED 127.0.0.1:52112\n    at ClientRequest.<anonymous> (node_modules\\selenium-webdriver\\http\\index.js:294:15)\n    at ClientRequest.emit (node:events:526:28)\n    at Socket.socketErrorListener (node:_http_client:442:9)\n    at Socket.emit (node:events:526:28)\n    at emitErrorNT (node:internal/streams/destroy:164:8)\n    at emitErrorCloseNT (node:internal/streams/destroy:129:3)\n    at processTicksAndRejections (node:internal/process/task_queues:83:21)",
                "diff": null
              },
              "uuid": "197a0dfc-a6d9-4bb0-a552-43508a34103e",
              "parentUUID": "4bbf9797-eeba-4cfe-ae7d-f17d8bb4e9a7",
              "isHook": false,
              "skipped": false
            }
          ],
          "suites": [],
          "passes": [],
          "failures": [
            "197a0dfc-a6d9-4bb0-a552-43508a34103e"
          ],
          "pending": [],
          "skipped": [],
          "duration": 92,
          "root": false,
          "rootEmpty": false,
          "_timeout": 0
        }
      ],
      "passes": [],
      "failures": [],
      "pending": [],
      "skipped": [],
      "duration": 0,
      "root": true,
      "rootEmpty": true,
      "_timeout": 0
    }
  ],
  "meta": {
    "mocha": {
      "version": "7.2.0"
    },
    "mochawesome": {
      "options": {
        "quiet": false,
        "reportFilename": "mochawesome",
        "saveHtml": true,
        "saveJson": true,
        "consoleReporter": "spec",
        "useInlineDiffs": false,
        "code": true
      },
      "version": "7.1.3"
    },
    "marge": {
      "options": null,
      "version": "6.2.0"
    }
  }
}